<?xml version="1.0" encoding="UTF-8"?>
<testsuite xmlns:xsi="http://www.w3.org/2001/XMLSchema-instance" xsi:noNamespaceSchemaLocation="https://maven.apache.org/surefire/maven-surefire-plugin/xsd/surefire-test-report.xsd" name="org.eclipse.leshan.integration.tests.WriteTest" time="1.987" tests="44" errors="0" skipped="0" failures="0">
  <properties>
[...]
</properties>
  <testcase name="can_write_object_instance_in_old_tlv" classname="org.eclipse.leshan.integration.tests.WriteTest" time="0.589"/>
  <testcase name="can_write_opaque_resource_in_old_tlv" classname="org.eclipse.leshan.integration.tests.WriteTest" time="0.079"/>
  <testcase name="can_write_time_resource_in_old_json" classname="org.eclipse.leshan.integration.tests.WriteTest" time="0.067"/>
  <testcase name="can_write_multi_instance_objlnk_resource_in_tlv" classname="org.eclipse.leshan.integration.tests.WriteTest" time="0.078"/>
  <testcase name="can_write_string_resource_in_tlv" classname="org.eclipse.leshan.integration.tests.WriteTest" time="0.044"/>
  <testcase name="can_write_boolean_resource_in_old_tlv" classname="org.eclipse.leshan.integration.tests.WriteTest" time="0.093"/>
  <testcase name="send_writerequest_asynchronously_with_bad_payload_raises_codeexception" classname="org.eclipse.leshan.integration.tests.WriteTest" time="0.055"/>
  <testcase name="can_write_opaque_resource_in_opaque" classname="org.eclipse.leshan.integration.tests.WriteTest" time="0.045"/>
  <testcase name="can_write_time_resource_in_tlv" classname="org.eclipse.leshan.integration.tests.WriteTest" time="0.043"/>
  <testcase name="can_write_integer_resource_in_old_tlv" classname="org.eclipse.leshan.integration.tests.WriteTest" time="0.036"/>
  <testcase name="can_write_string_resource_in_json" classname="org.eclipse.leshan.integration.tests.WriteTest" time="0.036"/>
  <testcase name="can_write_string_resource_in_text" classname="org.eclipse.leshan.integration.tests.WriteTest" time="0.035"/>
  <testcase name="can_write_time_resource_in_json" classname="org.eclipse.leshan.integration.tests.WriteTest" time="0.032"/>
  <testcase name="can_write_time_resource_in_text" classname="org.eclipse.leshan.integration.tests.WriteTest" time="0.037"/>
  <testcase name="can_write_opaque_resource_in_old_json" classname="org.eclipse.leshan.integration.tests.WriteTest" time="0.037"/>
  <testcase name="can_write_string_resource_in__old_tlv" classname="org.eclipse.leshan.integration.tests.WriteTest" time="0.031"/>
  <testcase name="can_write_object_instance_in_old_json" classname="org.eclipse.leshan.integration.tests.WriteTest" time="0.034"/>
  <testcase name="can_write_boolean_resource_in_tlv" classname="org.eclipse.leshan.integration.tests.WriteTest" time="0.032"/>
  <testcase name="can_write_string_resource_in__old_json" classname="org.eclipse.leshan.integration.tests.WriteTest" time="0.03"/>
  <testcase name="cannot_write_replacing_incomplete_object_instance" classname="org.eclipse.leshan.integration.tests.WriteTest" time="0.028"/>
  <testcase name="cannot_write_non_writable_resource" classname="org.eclipse.leshan.integration.tests.WriteTest" time="0.023"/>
  <testcase name="can_write_opaque_resource_in_json" classname="org.eclipse.leshan.integration.tests.WriteTest" time="0.028"/>
  <testcase name="send_writerequest_synchronously_with_bad_payload_raises_codeexception" classname="org.eclipse.leshan.integration.tests.WriteTest" time="0.024"/>
  <testcase name="can_write_float_resource_in_json" classname="org.eclipse.leshan.integration.tests.WriteTest" time="0.026"/>
  <testcase name="can_write_float_resource_in_text" classname="org.eclipse.leshan.integration.tests.WriteTest" time="0.023"/>
  <testcase name="can_write_time_resource_in_old_tlv" classname="org.eclipse.leshan.integration.tests.WriteTest" time="0.026"/>
  <testcase name="can_write_opaque_resource_in_tlv" classname="org.eclipse.leshan.integration.tests.WriteTest" time="0.02"/>
  <testcase name="can_write_float_resource_in_old_tlv" classname="org.eclipse.leshan.integration.tests.WriteTest" time="0.042"/>
  <testcase name="can_write_boolean_resource_in_old_json" classname="org.eclipse.leshan.integration.tests.WriteTest" time="0.021"/>
  <testcase name="can_write_single_instance_objlnk_resource_in_text" classname="org.eclipse.leshan.integration.tests.WriteTest" time="0.021"/>
  <testcase name="cannot_write_security_resource" classname="org.eclipse.leshan.integration.tests.WriteTest" time="0.017"/>
  <testcase name="can_write_float_resource_in_tlv" classname="org.eclipse.leshan.integration.tests.WriteTest" time="0.019"/>
  <testcase name="can_write_integer_resource_in_old_json" classname="org.eclipse.leshan.integration.tests.WriteTest" time="0.02"/>
  <testcase name="can_write_object_instance_in_json" classname="org.eclipse.leshan.integration.tests.WriteTest" time="0.021"/>
  <testcase name="can_write_integer_resource_in_tlv" classname="org.eclipse.leshan.integration.tests.WriteTest" time="0.018"/>
  <testcase name="can_write_object_instance_in_tlv" classname="org.eclipse.leshan.integration.tests.WriteTest" time="0.017"/>
  <testcase name="can_write_updating_object_instance" classname="org.eclipse.leshan.integration.tests.WriteTest" time="0.021"/>
  <testcase name="can_write_float_resource_in_old_json" classname="org.eclipse.leshan.integration.tests.WriteTest" time="0.018"/>
  <testcase name="can_write_integer_resource_in_json" classname="org.eclipse.leshan.integration.tests.WriteTest" time="0.017"/>
  <testcase name="can_write_integer_resource_in_text" classname="org.eclipse.leshan.integration.tests.WriteTest" time="0.023"/>
  <testcase name="can_write_single_instance_objlnk_resource_in_tlv" classname="org.eclipse.leshan.integration.tests.WriteTest" time="0.02"/>
  <testcase name="can_write_boolean_resource_in_json" classname="org.eclipse.leshan.integration.tests.WriteTest" time="0.019"/>
  <testcase name="can_write_boolean_resource_in_text" classname="org.eclipse.leshan.integration.tests.WriteTest" time="0.019"/>
  <testcase name="can_write_replacing_object_instance" classname="org.eclipse.leshan.integration.tests.WriteTest" time="0.017"/>
</testsuite>